code="ldrb w1, [x2]"  x1=q:0x0 x2=q:0x2000000 m2000000=0123456789abcdef => x1=0100000000000000
code="ldrsb w1, [x2]" x1=q:0x0 x2=q:0x2000000 m2000000=ff00000000000000 => x1=ffffffff00000000
code="ldrh w1, [x2]"  x1=q:0x0 x2=q:0x2000000 m2000000=0123456789abcdef => x1=0123000000000000
code="ldrsh w1, [x2]" x1=q:0x0 x2=q:0x2000000 m2000000=abff000000000000 => x1=abffffff00000000
code="ldr w1, [x2]"   x1=q:0x0 x2=q:0x2000000 m2000000=0123456789abcdef => x1=0123456700000000
code="ldr x1, [x2]"   x1=q:0x0 x2=q:0x2000000 m2000000=0123456789abcdef => x1=0123456789abcdef
code="ldrsw x1, [x2]" x1=q:0x0 x2=q:0x2000000 m2000000=ab456fff00000000 => x1=ab456fffffffffff

code="ldrb w1, [x2, #1]"  x1=q:0x0 x2=q:0x2000000 m2000000=0123456789abcdef => x1=2300000000000000
code="ldrh w1, [x2, #4]"  x1=q:0x0 x2=q:0x2000000 m2000000=0123456789abcdef => x1=89ab000000000000
code="ldr w1, [x2, #4]"   x1=q:0x0 x2=q:0x2000000 m2000000=0123456789abcdef =>  x1=89abcdef00000000
code="ldr x1, [x2, #8]"   x1=q:0x0 x2=q:0x2000000 m2000000=0123456789abcdeffedcba9876543210 => x1=fedcba9876543210

code="ldrb w1, [x2, x3, lsl #0]" x1=q:0x0 x2=q:0x2000000 x3=q:0x4 m2000000=0123456789abcdef => x1=8900000000000000
code="ldrh w1, [x2, x3, lsl #1]" x1=q:0x0 x2=q:0x2000000 x3=q:0x2 m2000000=0123456789abcdef => x1=89ab000000000000
code="ldr w1, [x2, x3, lsl #2]"  x1=q:0x0 x2=q:0x2000000 x3=q:0x1 m2000000=0123456789abcdef => x1=89abcdef00000000
code="ldr w1, [x2, x3, lsl #0]"  x1=q:0x0 x2=q:0x2000000 x3=q:0x4 m2000000=0123456789abcdef => x1=89abcdef00000000
code="ldr x1, [x2, x3, lsl #3]"  x1=q:0x0 x2=q:0x2000000 x3=q:0x1 m2000000=0123456789abcdeffedcba9876543210 => x1=fedcba9876543210

code="ldrb w1, [x2, w3, uxtw]"    x1=q:0x0 x2=q:0x2000000 x3=q:0x4 m2000000=0123456789abcdef => x1=8900000000000000
code="ldrh w1, [x2, w3, uxtw #1]" x1=q:0x0 x2=q:0x2000000 x3=q:0x2 m2000000=0123456789abcdef => x1=89ab000000000000
code="ldr w1, [x2, w3, sxtw #2]"  x1=q:0x0 x2=q:0x2000000 x3=q:0x1 m2000000=0123456789abcdef => x1=89abcdef00000000
code="ldr w1, [x2, w3, sxtw #0]"  x1=q:0x0 x2=q:0x2000000 x3=q:0x4 m2000000=0123456789abcdef => x1=89abcdef00000000
code="ldr x1, [x2, w3, uxtw #3]"  x1=q:0x0 x2=q:0x2000000 x3=q:0x1 m2000000=0123456789abcdeffedcba9876543210 => x1=fedcba9876543210

code="ldr w1, [x2, #8]!" x1=q:0x0 x2=q:0x1fffff8 m2000000=0123456789abcdef => x1=0123456700000000 x2=q:0x2000000
code="ldr x1, [x2], #8"  x1=q:0x0 x2=q:0x2000000 m2000000=0123456789abcdef => x1=0123456789abcdef x2=q:0x2000008

code="foo: ldr w1, foo" x1=q:0x0 => x1=0100001800000000

code="strb w1, [x2]" x1=q:0x01                   x2=q:0x2000000 m2000000=0000000000000000 => m2000000=0100000000000000
code="strh w1, [x2]" x1=q:0x2301                 x2=q:0x2000000 m2000000=0000000000000000 => m2000000=0123000000000000
code="str w1, [x2]"  x1=q:0x67452301             x2=q:0x2000000 m2000000=0000000000000000 => m2000000=0123456700000000
code="str x1, [x2]"  x1=q:0xefcdab8967452301     x2=q:0x2000000 m2000000=0000000000000000 => m2000000=0123456789abcdef

code="strb w1, [x2, #1]" x1=q:0x23               x2=q:0x2000000 m2000000=0000000000000000 => m2000000=0023000000000000
code="strh w1, [x2, #4]" x1=q:0xab89             x2=q:0x2000000 m2000000=0000000000000000 => m2000000=0000000089ab0000
code="str w1, [x2, #4]"  x1=q:0xefcdab89         x2=q:0x2000000 m2000000=0000000000000000 => m2000000=0000000089abcdef
code="str x1, [x2, #8]"  x1=q:0xefcdab8967452301 x2=q:0x2000000 m2000000=00000000000000000000000000000000 => m2000000=00000000000000000123456789abcdef

code="strb w1, [x2, x3, lsl #0]" x1=q:0x89               x2=q:0x2000000 x3=q:0x4 m2000000=0000000000000000 => m2000000=0000000089000000
code="strh w1, [x2, x3, lsl #1]" x1=q:0xab89             x2=q:0x2000000 x3=q:0x2 m2000000=0000000000000000 => m2000000=0000000089ab0000
code="str w1, [x2, x3, lsl #2]"  x1=q:0xefcdab89         x2=q:0x2000000 x3=q:0x1 m2000000=0000000000000000 => m2000000=0000000089abcdef
code="str w1, [x2, x3, lsl #0]"  x1=q:0xefcdab89         x2=q:0x2000000 x3=q:0x4 m2000000=0000000000000000 => m2000000=0000000089abcdef
code="str x1, [x2, x3, lsl #3]"  x1=q:0xefcdab8967452301 x2=q:0x2000000 x3=q:0x1 m2000000=00000000000000000000000000000000 => m2000000=00000000000000000123456789abcdef

code="strb w1, [x2, w3, uxtw]"    x1=q:0x89               x2=q:0x2000000 x3=q:0x4 m2000000=0000000000000000 => m2000000=0000000089000000
code="strh w1, [x2, w3, uxtw #1]" x1=q:0xab89             x2=q:0x2000000 x3=q:0x2 m2000000=0000000000000000 => m2000000=0000000089ab0000
code="str w1, [x2, w3, sxtw #2]"  x1=q:0xefcdab89         x2=q:0x2000000 x3=q:0x1 m2000000=0000000000000000 => m2000000=0000000089abcdef
code="str w1, [x2, w3, sxtw #0]"  x1=q:0xefcdab89         x2=q:0x2000000 x3=q:0x4 m2000000=0000000000000000 => m2000000=0000000089abcdef
code="str x1, [x2, w3, uxtw #3]"  x1=q:0xefcdab8967452301 x2=q:0x2000000 x3=q:0x1 m2000000=00000000000000000000000000000000 => m2000000=00000000000000000123456789abcdef

code="str w1, [x2, #8]!" x1=q:0xefcdab89         x2=q:0x1fffff8 m2000000=0000000000000000 => m2000000=89abcdef00000000 x2=q:0x2000000
code="str x1, [x2], #8"  x1=q:0xefcdab8967452301 x2=q:0x2000000 m2000000=0000000000000000 => m2000000=0123456789abcdef x2=q:0x2000008
